<?xml version="1.0" encoding="UTF-8"?>
<testsuite name="ru.vsu.servicesback.ServicesBackApplicationTests" tests="5" skipped="0" failures="0" errors="0" timestamp="2026-04-30T21:09:52.978Z" hostname="59716639cca7" time="8.361">
  <properties/>
  <testcase name="userCoinEndpointsSupportLegacyBodyAndTrailingSlash()" classname="ru.vsu.servicesback.ServicesBackApplicationTests" time="7.646"/>
  <testcase name="orderListWithoutEmailReturnsOnlyCurrentUsersOrders()" classname="ru.vsu.servicesback.ServicesBackApplicationTests" time="0.268"/>
  <testcase name="authenticatedUserCannotReadAnotherUsersProfile()" classname="ru.vsu.servicesback.ServicesBackApplicationTests" time="0.212"/>
  <testcase name="legacyBalancePatchRouteStillWorks()" classname="ru.vsu.servicesback.ServicesBackApplicationTests" time="0.128"/>
  <testcase name="loginReturnsFlatUserPayloadWithToken()" classname="ru.vsu.servicesback.ServicesBackApplicationTests" time="0.064"/>
  <system-out><![CDATA[21:08:47.810 [Test worker] INFO org.springframework.test.context.support.AnnotationConfigContextLoaderUtils -- Could not detect default configuration classes for test class [ru.vsu.servicesback.ServicesBackApplicationTests]: ServicesBackApplicationTests does not declare any static, non-private, non-final, nested classes annotated with @Configuration.
21:08:48.829 [Test worker] INFO org.springframework.boot.test.context.SpringBootTestContextBootstrapper -- Found @SpringBootConfiguration ru.vsu.servicesback.ServicesBackApplication for test class ru.vsu.servicesback.ServicesBackApplicationTests

  .   ____          _            __ _ _
 /\\ / ___'_ __ _ _(_)_ __  __ _ \ \ \ \
( ( )\___ | '_ | '_| | '_ \/ _` | \ \ \ \
 \\/  ___)| |_)| | | | | || (_| |  ) ) ) )
  '  |____| .__|_| |_|_| |_\__, | / / / /
 =========|_|==============|___/=/_/_/_/

 :: Spring Boot ::                (v4.0.3)

2026-04-30T21:08:55.985Z  INFO 307 --- [services-back] [    Test worker] r.v.s.ServicesBackApplicationTests       : Starting ServicesBackApplicationTests using Java 21.0.7 with PID 307 (started by root in /app)
2026-04-30T21:08:55.989Z  INFO 307 --- [services-back] [    Test worker] r.v.s.ServicesBackApplicationTests       : No active profile set, falling back to 1 default profile: "default"
2026-04-30T21:09:06.734Z  INFO 307 --- [services-back] [    Test worker] .s.d.r.c.RepositoryConfigurationDelegate : Bootstrapping Spring Data JPA repositories in DEFAULT mode.
2026-04-30T21:09:07.418Z  INFO 307 --- [services-back] [    Test worker] .s.d.r.c.RepositoryConfigurationDelegate : Finished Spring Data repository scanning in 579 ms. Found 3 JPA repository interfaces.
2026-04-30T21:09:11.904Z  INFO 307 --- [services-back] [    Test worker] o.s.boot.tomcat.TomcatWebServer          : Tomcat initialized with port 0 (http)
2026-04-30T21:09:12.011Z  INFO 307 --- [services-back] [    Test worker] o.apache.catalina.core.StandardService   : Starting service [Tomcat]
2026-04-30T21:09:12.011Z  INFO 307 --- [services-back] [    Test worker] o.apache.catalina.core.StandardEngine    : Starting Servlet engine: [Apache Tomcat/11.0.18]
2026-04-30T21:09:12.298Z  INFO 307 --- [services-back] [    Test worker] b.w.c.s.WebApplicationContextInitializer : Root WebApplicationContext: initialization completed in 16173 ms
2026-04-30T21:09:15.152Z  INFO 307 --- [services-back] [    Test worker] org.hibernate.orm.jpa                    : HHH008540: Processing PersistenceUnitInfo [name: default]
2026-04-30T21:09:16.300Z  INFO 307 --- [services-back] [    Test worker] org.hibernate.orm.core                   : HHH000001: Hibernate ORM core version 7.2.4.Final
2026-04-30T21:09:24.940Z  INFO 307 --- [services-back] [    Test worker] o.s.o.j.p.SpringPersistenceUnitInfo      : No LoadTimeWeaver setup: ignoring JPA class transformer
2026-04-30T21:09:25.477Z  INFO 307 --- [services-back] [    Test worker] com.zaxxer.hikari.HikariDataSource       : HikariPool-1 - Starting...
2026-04-30T21:09:28.014Z  INFO 307 --- [services-back] [    Test worker] com.zaxxer.hikari.pool.HikariPool        : HikariPool-1 - Added connection conn0: url=jdbc:h2:mem:testdb user=SA
2026-04-30T21:09:28.033Z  INFO 307 --- [services-back] [    Test worker] com.zaxxer.hikari.HikariDataSource       : HikariPool-1 - Start completed.
2026-04-30T21:09:28.735Z  INFO 307 --- [services-back] [    Test worker] org.hibernate.orm.connections.pooling    : HHH10001005: Database info:
	Database JDBC URL [jdbc:h2:mem:testdb]
	Database driver: H2 JDBC Driver
	Database dialect: H2Dialect
	Database version: 2.4.240
	Default catalog/schema: testdb/public
	Autocommit mode: undefined/unknown
	Isolation level: READ_COMMITTED [default READ_COMMITTED]
	JDBC fetch size: 100
	Pool: DataSourceConnectionProvider
	Minimum pool size: undefined/unknown
	Maximum pool size: undefined/unknown
2026-04-30T21:09:40.502Z  INFO 307 --- [services-back] [    Test worker] org.hibernate.orm.core                   : HHH000489: No JTA platform available (set 'hibernate.transaction.jta.platform' to enable JTA platform integration)
2026-04-30T21:09:41.352Z  INFO 307 --- [services-back] [    Test worker] j.LocalContainerEntityManagerFactoryBean : Initialized JPA EntityManagerFactory for persistence unit 'default'
2026-04-30T21:09:41.888Z  INFO 307 --- [services-back] [    Test worker] o.s.d.j.r.query.QueryEnhancerFactories   : Hibernate is in classpath; If applicable, HQL parser will be used.
2026-04-30T21:09:48.696Z  WARN 307 --- [services-back] [    Test worker] .s.a.UserDetailsServiceAutoConfiguration : 

Using generated security password: 90278574-4a1e-4373-9a45-c9e50dbe1a9d

This generated password is for development use only. Your security configuration must be updated before running your application in production.

2026-04-30T21:09:48.829Z  INFO 307 --- [services-back] [    Test worker] r$InitializeUserDetailsManagerConfigurer : Global AuthenticationManager configured with UserDetailsService bean with name inMemoryUserDetailsManager
2026-04-30T21:09:52.913Z  INFO 307 --- [services-back] [    Test worker] o.s.boot.tomcat.TomcatWebServer          : Tomcat started on port 41005 (http) with context path '/'
2026-04-30T21:09:52.956Z  INFO 307 --- [services-back] [    Test worker] r.v.s.ServicesBackApplicationTests       : Started ServicesBackApplicationTests in 59.87 seconds (process running for 70.414)
2026-04-30T21:09:56.898Z  INFO 307 --- [services-back] [o-auto-1-exec-1] o.a.c.c.C.[Tomcat].[localhost].[/]       : Initializing Spring DispatcherServlet 'dispatcherServlet'
2026-04-30T21:09:56.899Z  INFO 307 --- [services-back] [o-auto-1-exec-1] o.s.web.servlet.DispatcherServlet        : Initializing Servlet 'dispatcherServlet'
2026-04-30T21:09:56.902Z  INFO 307 --- [services-back] [o-auto-1-exec-1] o.s.web.servlet.DispatcherServlet        : Completed initialization in 3 ms
]]></system-out>
  <system-err><![CDATA[Mockito is currently self-attaching to enable the inline-mock-maker. This will no longer work in future releases of the JDK. Please add Mockito as an agent to your build as described in Mockito's documentation: https://javadoc.io/doc/org.mockito/mockito-core/latest/org.mockito/org/mockito/Mockito.html#0.3
WARNING: A Java agent has been loaded dynamically (/home/gradle/.gradle/caches/modules-2/files-2.1/net.bytebuddy/byte-buddy-agent/1.17.8/f09415827a71be7ed621c7bd02550678f28bc81c/byte-buddy-agent-1.17.8.jar)
WARNING: If a serviceability tool is in use, please run with -XX:+EnableDynamicAgentLoading to hide this warning
WARNING: If a serviceability tool is not in use, please run with -Djdk.instrument.traceUsage for more information
WARNING: Dynamic loading of agents will be disallowed by default in a future release
]]></system-err>
</testsuite>
